<?xml version="1.0" encoding="UTF-8"?>
<!-- Generated by org.testng.reporters.JUnitReportReporter -->
<testsuite hostname="Apples-MacBook-Pro.local" failures="0" tests="8" name="com.id.LogIn" time="9.825" errors="0" timestamp="2023-07-20T11:12:53 IST" skipped="0">
  <testcase classname="com.id.LogIn" name="Login" time="3.880"/>
  <system-out/>
  <testcase classname="com.id.LogIn" name="StateList" time="0.855"/>
  <system-out/>
  <testcase classname="com.id.LogIn" name="CityList" time="1.061"/>
  <system-out/>
  <testcase classname="com.id.LogIn" name="addAddressUser" time="0.872"/>
  <system-out/>
  <testcase classname="com.id.LogIn" name="UpdateAddressUser" time="0.826"/>
  <system-out/>
  <testcase classname="com.id.LogIn" name="getAllAddress" time="0.823"/>
  <system-out/>
  <testcase classname="com.id.LogIn" name="DeleteAddress" time="0.825"/>
  <system-out/>
  <testcase classname="com.id.LogIn" name="SearchProduct" time="0.683"/>
  <system-out/>
</testsuite> <!-- com.id.LogIn -->
